# JRE version: OpenJDK Runtime Environment Temurin-21.0.10+7 (21.0.10+7) (build 21.0.10+7-LTS)
# Java VM: OpenJDK 64-Bit Server VM Temurin-21.0.10+7 (21.0.10+7-LTS, mixed mode, sharing, tiered, compressed oops, compressed class ptrs, parallel gc, windows-amd64)
GC Precious Log:
 CardTable entry size: 512
 CPUs: 8 total, 8 available
 Memory: 14222M
 Large Page Support: Disabled
 NUMA Support: Disabled
 Compressed Oops: Enabled (32-bit)
 Alignments: Space 512K, Generation 512K, Heap 2M
 Heap Min Capacity: 100M
 Heap Initial Capacity: 100M
 Heap Max Capacity: 2G
 Pre-touch: Disabled
 Parallel Workers: 8
Heap:
 PSYoungGen      total 7680K, used 5837K [0x00000000d5580000, 0x00000000d6180000, 0x0000000100000000)
  eden space 7168K, 79% used [0x00000000d5580000,0x00000000d5b0b4d0,0x00000000d5c80000)
  from space 512K, 31% used [0x00000000d6080000,0x00000000d60a8000,0x00000000d6100000)
  to   space 512K, 0% used [0x00000000d6100000,0x00000000d6100000,0x00000000d6180000)
 ParOldGen       total 1227776K, used 131953K [0x0000000080000000, 0x00000000caf00000, 0x00000000d5580000)
  object space 1227776K, 10% used [0x0000000080000000,0x00000000880dc698,0x00000000caf00000)
 Metaspace       used 85253K, committed 87488K, reserved 1179648K
  class space    used 8734K, committed 9728K, reserved 1048576K
GC Heap History (20 events):
Event: 326259.018 GC heap before
{Heap before GC invocations=1441 (full 5):
 PSYoungGen      total 7680K, used 7632K [0x00000000d5580000, 0x00000000d6180000, 0x0000000100000000)
  eden space 7168K, 100% used [0x00000000d5580000,0x00000000d5c80000,0x00000000d5c80000)
  from space 512K, 90% used [0x00000000d6080000,0x00000000d60f4050,0x00000000d6100000)
  to   space 512K, 0% used [0x00000000d6100000,0x00000000d6100000,0x00000000d6180000)
 ParOldGen       total 1227776K, used 131025K [0x0000000080000000, 0x00000000caf00000, 0x00000000d5580000)
  object space 1227776K, 10% used [0x0000000080000000,0x0000000087ff45a8,0x00000000caf00000)
 Metaspace       used 85150K, committed 87424K, reserved 1179648K
  class space    used 8734K, committed 9728K, reserved 1048576K
}
Event: 326259.021 GC heap after
{Heap after GC invocations=1441 (full 5):
 PSYoungGen      total 7680K, used 288K [0x00000000d5580000, 0x00000000d6180000, 0x0000000100000000)
  eden space 7168K, 0% used [0x00000000d5580000,0x00000000d5580000,0x00000000d5c80000)
  from space 512K, 56% used [0x00000000d6100000,0x00000000d6148000,0x00000000d6180000)
  to   space 512K, 0% used [0x00000000d6080000,0x00000000d6080000,0x00000000d6100000)
 ParOldGen       total 1227776K, used 131073K [0x0000000080000000, 0x00000000caf00000, 0x00000000d5580000)
  object space 1227776K, 10% used [0x0000000080000000,0x00000000880005a8,0x00000000caf00000)
 Metaspace       used 85150K, committed 87424K, reserved 1179648K
  class space    used 8734K, committed 9728K, reserved 1048576K
}
Event: 326269.745 GC heap before
{Heap before GC invocations=1442 (full 5):
 PSYoungGen      total 7680K, used 7450K [0x00000000d5580000, 0x00000000d6180000, 0x0000000100000000)
  eden space 7168K, 99% used [0x00000000d5580000,0x00000000d5c7ebb0,0x00000000d5c80000)
  from space 512K, 56% used [0x00000000d6100000,0x00000000d6148000,0x00000000d6180000)
  to   space 512K, 0% used [0x00000000d6080000,0x00000000d6080000,0x00000000d6100000)
 ParOldGen       total 1227776K, used 131073K [0x0000000080000000, 0x00000000caf00000, 0x00000000d5580000)
  object space 1227776K, 10% used [0x0000000080000000,0x00000000880005a8,0x00000000caf00000)
 Metaspace       used 85154K, committed 87424K, reserved 1179648K
  class space    used 8734K, committed 9728K, reserved 1048576K
}
Event: 326269.746 GC heap after
{Heap after GC invocations=1442 (full 5):
 PSYoungGen      total 7680K, used 496K [0x00000000d5580000, 0x00000000d6180000, 0x0000000100000000)
  eden space 7168K, 0% used [0x00000000d5580000,0x00000000d5580000,0x00000000d5c80000)
  from space 512K, 96% used [0x00000000d6080000,0x00000000d60fc030,0x00000000d6100000)
  to   space 512K, 0% used [0x00000000d6100000,0x00000000d6100000,0x00000000d6180000)
 ParOldGen       total 1227776K, used 131121K [0x0000000080000000, 0x00000000caf00000, 0x00000000d5580000)
  object space 1227776K, 10% used [0x0000000080000000,0x000000008800c5a8,0x00000000caf00000)
 Metaspace       used 85154K, committed 87424K, reserved 1179648K
  class space    used 8734K, committed 9728K, reserved 1048576K
}
Event: 326277.981 GC heap before
{Heap before GC invocations=1443 (full 5):
 PSYoungGen      total 7680K, used 7664K [0x00000000d5580000, 0x00000000d6180000, 0x0000000100000000)
  eden space 7168K, 100% used [0x00000000d5580000,0x00000000d5c80000,0x00000000d5c80000)
  from space 512K, 96% used [0x00000000d6080000,0x00000000d60fc030,0x00000000d6100000)
  to   space 512K, 0% used [0x00000000d6100000,0x00000000d6100000,0x00000000d6180000)
 ParOldGen       total 1227776K, used 131121K [0x0000000080000000, 0x00000000caf00000, 0x00000000d5580000)
  object space 1227776K, 10% used [0x0000000080000000,0x000000008800c5a8,0x00000000caf00000)
 Metaspace       used 85159K, committed 87424K, reserved 1179648K
  class space    used 8734K, committed 9728K, reserved 1048576K
}
Event: 326277.982 GC heap after
{Heap after GC invocations=1443 (full 5):
 PSYoungGen      total 7680K, used 400K [0x00000000d5580000, 0x00000000d6180000, 0x0000000100000000)
  eden space 7168K, 0% used [0x00000000d5580000,0x00000000d5580000,0x00000000d5c80000)
  from space 512K, 78% used [0x00000000d6100000,0x00000000d6164030,0x00000000d6180000)
  to   space 512K, 0% used [0x00000000d6080000,0x00000000d6080000,0x00000000d6100000)
 ParOldGen       total 1227776K, used 131257K [0x0000000080000000, 0x00000000caf00000, 0x00000000d5580000)
  object space 1227776K, 10% used [0x0000000080000000,0x000000008802e5d8,0x00000000caf00000)
 Metaspace       used 85159K, committed 87424K, reserved 1179648K
  class space    used 8734K, committed 9728K, reserved 1048576K
}
Event: 326284.603 GC heap before
{Heap before GC invocations=1444 (full 5):
 PSYoungGen      total 7680K, used 7568K [0x00000000d5580000, 0x00000000d6180000, 0x0000000100000000)
  eden space 7168K, 100% used [0x00000000d5580000,0x00000000d5c80000,0x00000000d5c80000)
  from space 512K, 78% used [0x00000000d6100000,0x00000000d6164030,0x00000000d6180000)
  to   space 512K, 0% used [0x00000000d6080000,0x00000000d6080000,0x00000000d6100000)
 ParOldGen       total 1227776K, used 131257K [0x0000000080000000, 0x00000000caf00000, 0x00000000d5580000)
  object space 1227776K, 10% used [0x0000000080000000,0x000000008802e5d8,0x00000000caf00000)
 Metaspace       used 85176K, committed 87424K, reserved 1179648K
  class space    used 8734K, committed 9728K, reserved 1048576K
}
Event: 326284.604 GC heap after
{Heap after GC invocations=1444 (full 5):
 PSYoungGen      total 7680K, used 320K [0x00000000d5580000, 0x00000000d6180000, 0x0000000100000000)
  eden space 7168K, 0% used [0x00000000d5580000,0x00000000d5580000,0x00000000d5c80000)
  from space 512K, 62% used [0x00000000d6080000,0x00000000d60d0000,0x00000000d6100000)
  to   space 512K, 0% used [0x00000000d6100000,0x00000000d6100000,0x00000000d6180000)
 ParOldGen       total 1227776K, used 131377K [0x0000000080000000, 0x00000000caf00000, 0x00000000d5580000)
  object space 1227776K, 10% used [0x0000000080000000,0x000000008804c608,0x00000000caf00000)
 Metaspace       used 85176K, committed 87424K, reserved 1179648K
  class space    used 8734K, committed 9728K, reserved 1048576K
}
Event: 326471.164 GC heap before
{Heap before GC invocations=1445 (full 5):
 PSYoungGen      total 7680K, used 7487K [0x00000000d5580000, 0x00000000d6180000, 0x0000000100000000)
  eden space 7168K, 99% used [0x00000000d5580000,0x00000000d5c7ffe0,0x00000000d5c80000)
  from space 512K, 62% used [0x00000000d6080000,0x00000000d60d0000,0x00000000d6100000)
  to   space 512K, 0% used [0x00000000d6100000,0x00000000d6100000,0x00000000d6180000)
 ParOldGen       total 1227776K, used 131377K [0x0000000080000000, 0x00000000caf00000, 0x00000000d5580000)
  object space 1227776K, 10% used [0x0000000080000000,0x000000008804c608,0x00000000caf00000)
 Metaspace       used 85195K, committed 87424K, reserved 1179648K
  class space    used 8734K, committed 9728K, reserved 1048576K
}
Event: 326471.168 GC heap after
{Heap after GC invocations=1445 (full 5):
 PSYoungGen      total 7680K, used 352K [0x00000000d5580000, 0x00000000d6180000, 0x0000000100000000)
  eden space 7168K, 0% used [0x00000000d5580000,0x00000000d5580000,0x00000000d5c80000)
  from space 512K, 68% used [0x00000000d6100000,0x00000000d6158020,0x00000000d6180000)
  to   space 512K, 0% used [0x00000000d6080000,0x00000000d6080000,0x00000000d6100000)
 ParOldGen       total 1227776K, used 131417K [0x0000000080000000, 0x00000000caf00000, 0x00000000d5580000)
  object space 1227776K, 10% used [0x0000000080000000,0x0000000088056608,0x00000000caf00000)
 Metaspace       used 85195K, committed 87424K, reserved 1179648K
  class space    used 8734K, committed 9728K, reserved 1048576K
}
Event: 326500.542 GC heap before
{Heap before GC invocations=1446 (full 5):
 PSYoungGen      total 7680K, used 7520K [0x00000000d5580000, 0x00000000d6180000, 0x0000000100000000)
  eden space 7168K, 100% used [0x00000000d5580000,0x00000000d5c80000,0x00000000d5c80000)
  from space 512K, 68% used [0x00000000d6100000,0x00000000d6158020,0x00000000d6180000)
  to   space 512K, 0% used [0x00000000d6080000,0x00000000d6080000,0x00000000d6100000)
 ParOldGen       total 1227776K, used 131417K [0x0000000080000000, 0x00000000caf00000, 0x00000000d5580000)
  object space 1227776K, 10% used [0x0000000080000000,0x0000000088056608,0x00000000caf00000)
 Metaspace       used 85211K, committed 87424K, reserved 1179648K
  class space    used 8734K, committed 9728K, reserved 1048576K
}
Event: 326500.546 GC heap after
{Heap after GC invocations=1446 (full 5):
 PSYoungGen      total 7680K, used 352K [0x00000000d5580000, 0x00000000d6180000, 0x0000000100000000)
  eden space 7168K, 0% used [0x00000000d5580000,0x00000000d5580000,0x00000000d5c80000)
  from space 512K, 68% used [0x00000000d6080000,0x00000000d60d8020,0x00000000d6100000)
  to   space 512K, 0% used [0x00000000d6100000,0x00000000d6100000,0x00000000d6180000)
 ParOldGen       total 1227776K, used 131545K [0x0000000080000000, 0x00000000caf00000, 0x00000000d5580000)
  object space 1227776K, 10% used [0x0000000080000000,0x0000000088076638,0x00000000caf00000)
 Metaspace       used 85211K, committed 87424K, reserved 1179648K
  class space    used 8734K, committed 9728K, reserved 1048576K
}
Event: 326521.971 GC heap before
{Heap before GC invocations=1447 (full 5):
 PSYoungGen      total 7680K, used 7520K [0x00000000d5580000, 0x00000000d6180000, 0x0000000100000000)
  eden space 7168K, 99% used [0x00000000d5580000,0x00000000d5c7ffe8,0x00000000d5c80000)
  from space 512K, 68% used [0x00000000d6080000,0x00000000d60d8020,0x00000000d6100000)
  to   space 512K, 0% used [0x00000000d6100000,0x00000000d6100000,0x00000000d6180000)
 ParOldGen       total 1227776K, used 131545K [0x0000000080000000, 0x00000000caf00000, 0x00000000d5580000)
  object space 1227776K, 10% used [0x0000000080000000,0x0000000088076638,0x00000000caf00000)
 Metaspace       used 85220K, committed 87424K, reserved 1179648K
  class space    used 8734K, committed 9728K, reserved 1048576K
}
Event: 326521.972 GC heap after
{Heap after GC invocations=1447 (full 5):
 PSYoungGen      total 7680K, used 480K [0x00000000d5580000, 0x00000000d6180000, 0x0000000100000000)
  eden space 7168K, 0% used [0x00000000d5580000,0x00000000d5580000,0x00000000d5c80000)
  from space 512K, 93% used [0x00000000d6100000,0x00000000d6178040,0x00000000d6180000)
  to   space 512K, 0% used [0x00000000d6080000,0x00000000d6080000,0x00000000d6100000)
 ParOldGen       total 1227776K, used 131665K [0x0000000080000000, 0x00000000caf00000, 0x00000000d5580000)
  object space 1227776K, 10% used [0x0000000080000000,0x0000000088094668,0x00000000caf00000)
 Metaspace       used 85220K, committed 87424K, reserved 1179648K
  class space    used 8734K, committed 9728K, reserved 1048576K
}
Event: 329639.127 GC heap before
{Heap before GC invocations=1448 (full 5):
 PSYoungGen      total 7680K, used 7648K [0x00000000d5580000, 0x00000000d6180000, 0x0000000100000000)
  eden space 7168K, 99% used [0x00000000d5580000,0x00000000d5c7fff8,0x00000000d5c80000)
  from space 512K, 93% used [0x00000000d6100000,0x00000000d6178040,0x00000000d6180000)
  to   space 512K, 0% used [0x00000000d6080000,0x00000000d6080000,0x00000000d6100000)
 ParOldGen       total 1227776K, used 131665K [0x0000000080000000, 0x00000000caf00000, 0x00000000d5580000)
  object space 1227776K, 10% used [0x0000000080000000,0x0000000088094668,0x00000000caf00000)
 Metaspace       used 85253K, committed 87488K, reserved 1179648K
  class space    used 8734K, committed 9728K, reserved 1048576K
}
Event: 329639.141 GC heap after
{Heap after GC invocations=1448 (full 5):
 PSYoungGen      total 7680K, used 256K [0x00000000d5580000, 0x00000000d6180000, 0x0000000100000000)
  eden space 7168K, 0% used [0x00000000d5580000,0x00000000d5580000,0x00000000d5c80000)
  from space 512K, 50% used [0x00000000d6080000,0x00000000d60c0000,0x00000000d6100000)
  to   space 512K, 0% used [0x00000000d6100000,0x00000000d6100000,0x00000000d6180000)
 ParOldGen       total 1227776K, used 131801K [0x0000000080000000, 0x00000000caf00000, 0x00000000d5580000)
  object space 1227776K, 10% used [0x0000000080000000,0x00000000880b6698,0x00000000caf00000)
 Metaspace       used 85253K, committed 87488K, reserved 1179648K
  class space    used 8734K, committed 9728K, reserved 1048576K
}
Event: 346770.123 GC heap before
{Heap before GC invocations=1449 (full 5):
 PSYoungGen      total 7680K, used 7424K [0x00000000d5580000, 0x00000000d6180000, 0x0000000100000000)
  eden space 7168K, 100% used [0x00000000d5580000,0x00000000d5c80000,0x00000000d5c80000)
  from space 512K, 50% used [0x00000000d6080000,0x00000000d60c0000,0x00000000d6100000)
  to   space 512K, 0% used [0x00000000d6100000,0x00000000d6100000,0x00000000d6180000)
 ParOldGen       total 1227776K, used 131801K [0x0000000080000000, 0x00000000caf00000, 0x00000000d5580000)
  object space 1227776K, 10% used [0x0000000080000000,0x00000000880b6698,0x00000000caf00000)
 Metaspace       used 85253K, committed 87488K, reserved 1179648K
  class space    used 8734K, committed 9728K, reserved 1048576K
}
Event: 346770.136 GC heap after
{Heap after GC invocations=1449 (full 5):
 PSYoungGen      total 7680K, used 192K [0x00000000d5580000, 0x00000000d6180000, 0x0000000100000000)
  eden space 7168K, 0% used [0x00000000d5580000,0x00000000d5580000,0x00000000d5c80000)
  from space 512K, 37% used [0x00000000d6100000,0x00000000d6130000,0x00000000d6180000)
  to   space 512K, 0% used [0x00000000d6080000,0x00000000d6080000,0x00000000d6100000)
 ParOldGen       total 1227776K, used 131937K [0x0000000080000000, 0x00000000caf00000, 0x00000000d5580000)
  object space 1227776K, 10% used [0x0000000080000000,0x00000000880d8698,0x00000000caf00000)
 Metaspace       used 85253K, committed 87488K, reserved 1179648K
  class space    used 8734K, committed 9728K, reserved 1048576K
}
Event: 365059.709 GC heap before
{Heap before GC invocations=1450 (full 5):
 PSYoungGen      total 7680K, used 7360K [0x00000000d5580000, 0x00000000d6180000, 0x0000000100000000)
  eden space 7168K, 100% used [0x00000000d5580000,0x00000000d5c80000,0x00000000d5c80000)
  from space 512K, 37% used [0x00000000d6100000,0x00000000d6130000,0x00000000d6180000)
  to   space 512K, 0% used [0x00000000d6080000,0x00000000d6080000,0x00000000d6100000)
 ParOldGen       total 1227776K, used 131937K [0x0000000080000000, 0x00000000caf00000, 0x00000000d5580000)
  object space 1227776K, 10% used [0x0000000080000000,0x00000000880d8698,0x00000000caf00000)
 Metaspace       used 85253K, committed 87488K, reserved 1179648K
  class space    used 8734K, committed 9728K, reserved 1048576K
}
Event: 365059.719 GC heap after
{Heap after GC invocations=1450 (full 5):
 PSYoungGen      total 7680K, used 160K [0x00000000d5580000, 0x00000000d6180000, 0x0000000100000000)
  eden space 7168K, 0% used [0x00000000d5580000,0x00000000d5580000,0x00000000d5c80000)
  from space 512K, 31% used [0x00000000d6080000,0x00000000d60a8000,0x00000000d6100000)
  to   space 512K, 0% used [0x00000000d6100000,0x00000000d6100000,0x00000000d6180000)
 ParOldGen       total 1227776K, used 131953K [0x0000000080000000, 0x00000000caf00000, 0x00000000d5580000)
  object space 1227776K, 10% used [0x0000000080000000,0x00000000880dc698,0x00000000caf00000)
 Metaspace       used 85253K, committed 87488K, reserved 1179648K
  class space    used 8734K, committed 9728K, reserved 1048576K
}

